<?xml version="1.0" encoding="UTF-8"?>
<!-- Generated by org.testng.reporters.JUnitReportReporter -->
<testsuite skipped="0" hostname="SBR-DEVP-110" name="testNGPkg.AnnotationTest" tests="1" failures="0" timestamp="19 Nov 2019 05:56:02 GMT" time="0.006" errors="0">
  <testcase name="testMethod" time="0.006" classname="testNGPkg.AnnotationTest"/>
</testsuite> <!-- testNGPkg.AnnotationTest -->
